Vote Sites Form Submission: {
    "csrf_token": "9372a1fcad06b45a71d20019dcc5fc5bcd5b05ab99b55bddfa0b11182dccadc7",
    "site_id": "0",
    "MAX_FILE_SIZE": "1048576",
    "callback_file_name": "test",
    "site_name": "test",
    "siteid": "test",
    "url_format": "test",
    "button_image_url": "",
    "cooldown_hours": "12",
    "reward_points": "1",
    "uses_callback": "0",
    "callback_secret": ""
}
---
Vote Sites Form Submission: {
    "csrf_token": "9372a1fcad06b45a71d20019dcc5fc5bcd5b05ab99b55bddfa0b11182dccadc7",
    "site_id": "105180",
    "MAX_FILE_SIZE": "1048576",
    "callback_file_name": "test",
    "site_name": "test",
    "siteid": "test",
    "url_format": "http:\/\/localhost\/sahtout\/admin\/%7Bsiteid%7D\/%7Buserid%7D",
    "button_image_url": "\/Sahtout\/img\/voteimg\/voteimg_68e2c942642bd.png",
    "cooldown_hours": "12",
    "reward_points": "1",
    "uses_callback": "0",
    "callback_secret": ""
}
---
Vote Sites Form Submission: {
    "csrf_token": "9372a1fcad06b45a71d20019dcc5fc5bcd5b05ab99b55bddfa0b11182dccadc7",
    "site_id": "105180",
    "MAX_FILE_SIZE": "1048576",
    "callback_file_name": "test",
    "site_name": "test site",
    "siteid": "tester1",
    "url_format": "http:\/\/localhost\/sahtout\/admin\/%7Bsiteid%7D\/%7Buserid%7D",
    "button_image_url": "\/Sahtout\/img\/voteimg\/voteimg_68e2c942642bd.png",
    "cooldown_hours": "12",
    "reward_points": "1",
    "uses_callback": "0",
    "callback_secret": ""
}
---
Vote Sites Form Submission: {
    "csrf_token": "9372a1fcad06b45a71d20019dcc5fc5bcd5b05ab99b55bddfa0b11182dccadc7",
    "site_id": "105180",
    "MAX_FILE_SIZE": "1048576",
    "callback_file_name": "test",
    "site_name": "test site",
    "siteid": "tester1",
    "url_format": "https:\/\/www.xtremetop100.com\/in.php?site={siteid}&postback={userid}",
    "button_image_url": "\/Sahtout\/img\/voteimg\/voteimg_68e2c942642bd.png",
    "cooldown_hours": "12",
    "reward_points": "1",
    "uses_callback": "0",
    "callback_secret": ""
}
---
Vote Sites Form Submission: {
    "csrf_token": "9372a1fcad06b45a71d20019dcc5fc5bcd5b05ab99b55bddfa0b11182dccadc7",
    "site_id": "105180",
    "MAX_FILE_SIZE": "1048576",
    "callback_file_name": "test",
    "site_name": "test site",
    "siteid": "tester1",
    "url_format": "site={siteid}&postback={userid}",
    "button_image_url": "\/Sahtout\/img\/voteimg\/voteimg_68e2c942642bd.png",
    "cooldown_hours": "12",
    "reward_points": "1",
    "uses_callback": "0",
    "callback_secret": ""
}
---
Vote Sites Form Submission: {
    "csrf_token": "9372a1fcad06b45a71d20019dcc5fc5bcd5b05ab99b55bddfa0b11182dccadc7",
    "site_id": "105180",
    "MAX_FILE_SIZE": "1048576",
    "callback_file_name": "test",
    "site_name": "test site",
    "siteid": "tester1",
    "url_format": "{siteid}&{userid}",
    "button_image_url": "\/Sahtout\/img\/voteimg\/voteimg_68e2c942642bd.png",
    "cooldown_hours": "12",
    "reward_points": "1",
    "uses_callback": "0",
    "callback_secret": ""
}
---
Vote Sites Form Submission: {
    "csrf_token": "9372a1fcad06b45a71d20019dcc5fc5bcd5b05ab99b55bddfa0b11182dccadc7",
    "site_id": "105180",
    "MAX_FILE_SIZE": "1048576",
    "callback_file_name": "test",
    "site_name": "test site",
    "siteid": "tester1",
    "url_format": "{siteid}\/{userid}",
    "button_image_url": "\/Sahtout\/img\/voteimg\/voteimg_68e2c942642bd.png",
    "cooldown_hours": "12",
    "reward_points": "1",
    "uses_callback": "0",
    "callback_secret": ""
}
---
Vote Sites Form Submission: {
    "csrf_token": "9372a1fcad06b45a71d20019dcc5fc5bcd5b05ab99b55bddfa0b11182dccadc7",
    "site_id": "105180",
    "MAX_FILE_SIZE": "1048576",
    "callback_file_name": "test",
    "site_name": "test site",
    "siteid": "tester1",
    "url_format": "{siteid}\/{userid}",
    "button_image_url": "\/Sahtout\/img\/voteimg\/voteimg_68e2c942642bd.png",
    "cooldown_hours": "12",
    "reward_points": "1",
    "uses_callback": "0",
    "callback_secret": ""
}
---
Vote Sites Form Submission: {
    "csrf_token": "356524ee5f8c7cf057842920b1dbc166ea3aa91a4ec68a5d0b091b8faf3541b9",
    "site_id": "105176",
    "MAX_FILE_SIZE": "1048576",
    "callback_file_name": "mmohub",
    "site_name": "mmohub",
    "siteid": "1110",
    "url_format": "https:\/\/www.mmohub.com\/site\/{siteid}\/vote\/{userid}",
    "button_image_url": "https:\/\/mmohub.com\/vote.jpg",
    "cooldown_hours": "1",
    "reward_points": "100",
    "uses_callback": "1",
    "callback_secret": "0"
}
---
Vote Sites Form Submission: {
    "csrf_token": "9f01a6ec29e96f7361027746011807d6b25b4fa6f3c4504b009c69105f9eb2dc",
    "site_id": "105169",
    "MAX_FILE_SIZE": "1048576",
    "callback_file_name": "topg",
    "site_name": "topg",
    "siteid": "675795",
    "url_format": "https:\/\/topg.org\/wow-private-servers\/server-{siteid}-{userid}",
    "button_image_url": "",
    "cooldown_hours": "2",
    "reward_points": "70",
    "uses_callback": "1",
    "callback_secret": ""
}
---
Vote Sites Form Submission: {
    "csrf_token": "9f01a6ec29e96f7361027746011807d6b25b4fa6f3c4504b009c69105f9eb2dc",
    "site_id": "105169",
    "MAX_FILE_SIZE": "1048576",
    "callback_file_name": "topg",
    "site_name": "topg",
    "siteid": "675795",
    "url_format": "https:\/\/topg.org\/wow-private-servers\/server-{siteid}-{userid}",
    "button_image_url": "",
    "cooldown_hours": "2",
    "reward_points": "70",
    "uses_callback": "1",
    "callback_secret": ""
}
---
Vote Sites Form Submission: {
    "csrf_token": "9f01a6ec29e96f7361027746011807d6b25b4fa6f3c4504b009c69105f9eb2dc",
    "site_id": "105169",
    "MAX_FILE_SIZE": "1048576",
    "callback_file_name": "topg",
    "site_name": "topg",
    "siteid": "675795",
    "url_format": "https:\/\/topg.org\/wow-private-servers\/server-{siteid}-{userid}",
    "button_image_url": "https:\/\/topg.org\/topg2.gif",
    "cooldown_hours": "2",
    "reward_points": "70",
    "uses_callback": "1",
    "callback_secret": ""
}
---
